6/6/2024 11:7:216 RecordLink_70_I@Apriori: loading...

6/6/2024 11:7:216 RecordLink_70_I@Apriori: analicing...

6/6/2024 11:7:216 RecordLink_70_I@Apriori: clearing outliers...

6/6/2024 11:7:216 - P1 Samples dirty:269.0, 19102.0, 19102.0, 19102.0, 269.0, 269.0


6/6/2024 11:7:216 - P1 Samples without outliers:269.0, 16787.0, 16787.0, 16787.0, 269.0, 269.0


6/6/2024 11:7:216 RecordLink_70_I@Apriori: clearing measurements...

6/6/2024 11:7:216 - P2 Samples without discarded measurements:261.0, 16251.0, 16251.0, 16251.0, 261.0, 261.0


6/6/2024 11:7:216 RecordLink_70_I@Aprioriexporting report...

6/6/2024 11:7:216 RecordLink_70_I@AprioriTID: loading...

6/6/2024 11:7:216 RecordLink_70_I@AprioriTID: analicing...

6/6/2024 11:7:216 RecordLink_70_I@AprioriTID: clearing outliers...

6/6/2024 11:7:216 - P1 Samples dirty:416.0, 30197.0, 30197.0, 30197.0, 416.0, 416.0


6/6/2024 11:7:216 - P1 Samples without outliers:416.0, 27881.0, 27881.0, 27881.0, 416.0, 416.0


6/6/2024 11:7:216 RecordLink_70_I@AprioriTID: clearing measurements...

6/6/2024 11:7:216 - P2 Samples without discarded measurements:294.0, 19574.0, 19574.0, 19574.0, 294.0, 294.0


6/6/2024 11:7:216 RecordLink_70_I@AprioriTIDexporting report...

6/6/2024 11:7:216 RecordLink_70_I@dEclat: loading...

6/6/2024 11:7:216 RecordLink_70_I@dEclat: analicing...

6/6/2024 11:7:216 RecordLink_70_I@dEclat: clearing outliers...

6/6/2024 11:7:216 - P1 Samples dirty:270.0, 18924.0, 18924.0, 18924.0, 270.0, 270.0


6/6/2024 11:7:216 - P1 Samples without outliers:270.0, 16632.0, 16632.0, 16632.0, 270.0, 270.0


6/6/2024 11:7:216 RecordLink_70_I@dEclat: clearing measurements...

6/6/2024 11:7:216 - P2 Samples without discarded measurements:234.0, 14416.0, 14416.0, 14416.0, 234.0, 234.0


6/6/2024 11:7:216 RecordLink_70_I@dEclatexporting report...

6/6/2024 11:7:216 RecordLink_70_I@DFIN: loading...

6/6/2024 11:7:216 RecordLink_70_I@DFIN: analicing...

6/6/2024 11:7:216 RecordLink_70_I@DFIN: clearing outliers...

6/6/2024 11:7:216 - P1 Samples dirty:240.0, 16884.0, 16884.0, 16884.0, 240.0, 240.0


6/6/2024 11:7:216 - P1 Samples without outliers:239.0, 14524.0, 14524.0, 14524.0, 239.0, 239.0


6/6/2024 11:7:216 RecordLink_70_I@DFIN: clearing measurements...

6/6/2024 11:7:216 - P2 Samples without discarded measurements:200.0, 12174.0, 12174.0, 12174.0, 200.0, 200.0


6/6/2024 11:7:216 RecordLink_70_I@DFINexporting report...

6/6/2024 11:7:216 RecordLink_70_I@Eclat: loading...

6/6/2024 11:7:216 RecordLink_70_I@Eclat: analicing...

6/6/2024 11:7:216 RecordLink_70_I@Eclat: clearing outliers...

6/6/2024 11:7:216 - P1 Samples dirty:394.0, 29607.0, 29607.0, 29607.0, 394.0, 394.0


6/6/2024 11:7:216 - P1 Samples without outliers:394.0, 27327.0, 27327.0, 27327.0, 394.0, 394.0


6/6/2024 11:7:216 RecordLink_70_I@Eclat: clearing measurements...

6/6/2024 11:7:216 - P2 Samples without discarded measurements:299.0, 20888.0, 20888.0, 20888.0, 299.0, 299.0


6/6/2024 11:7:216 RecordLink_70_I@Eclatexporting report...

6/6/2024 11:7:216 RecordLink_70_I@FIN: loading...

6/6/2024 11:7:216 RecordLink_70_I@FIN: analicing...

6/6/2024 11:7:216 RecordLink_70_I@FIN: clearing outliers...

6/6/2024 11:7:216 - P1 Samples dirty:240.0, 16837.0, 16837.0, 16837.0, 240.0, 240.0


6/6/2024 11:7:216 - P1 Samples without outliers:239.0, 14482.0, 14482.0, 14482.0, 239.0, 239.0


6/6/2024 11:7:216 RecordLink_70_I@FIN: clearing measurements...

6/6/2024 11:7:216 - P2 Samples without discarded measurements:200.0, 12135.0, 12135.0, 12135.0, 200.0, 200.0


6/6/2024 11:7:216 RecordLink_70_I@FINexporting report...

6/6/2024 11:7:216 RecordLink_70_I@FPGrowth: loading...

6/6/2024 11:7:216 RecordLink_70_I@FPGrowth: analicing...

6/6/2024 11:7:216 RecordLink_70_I@FPGrowth: clearing outliers...

6/6/2024 11:7:216 - P1 Samples dirty:240.0, 16836.0, 16836.0, 16836.0, 240.0, 240.0


6/6/2024 11:7:216 - P1 Samples without outliers:237.0, 14337.0, 14337.0, 14337.0, 237.0, 237.0


6/6/2024 11:7:216 RecordLink_70_I@FPGrowth: clearing measurements...

6/6/2024 11:7:216 - P2 Samples without discarded measurements:192.0, 11650.0, 11650.0, 11650.0, 192.0, 192.0


6/6/2024 11:7:216 RecordLink_70_I@FPGrowthexporting report...

6/6/2024 11:7:216 RecordLink_70_I@HMine: loading...

6/6/2024 11:7:216 RecordLink_70_I@HMine: analicing...

6/6/2024 11:7:216 RecordLink_70_I@HMine: clearing outliers...

6/6/2024 11:7:216 - P1 Samples dirty:330.0, 23685.0, 23685.0, 23685.0, 330.0, 330.0


6/6/2024 11:7:216 - P1 Samples without outliers:330.0, 21429.0, 21429.0, 21429.0, 330.0, 330.0


6/6/2024 11:7:216 RecordLink_70_I@HMine: clearing measurements...

6/6/2024 11:7:216 - P2 Samples without discarded measurements:264.0, 17158.0, 17158.0, 17158.0, 264.0, 264.0


6/6/2024 11:7:216 RecordLink_70_I@HMineexporting report...

6/6/2024 11:7:216 RecordLink_70_I@LCMFreq: loading...

6/6/2024 11:7:216 RecordLink_70_I@LCMFreq: analicing...

6/6/2024 11:7:216 RecordLink_70_I@LCMFreq: clearing outliers...

6/6/2024 11:7:216 - P1 Samples dirty:396.0, 29556.0, 29556.0, 29556.0, 396.0, 396.0


6/6/2024 11:7:216 - P1 Samples without outliers:396.0, 27305.0, 27305.0, 27305.0, 396.0, 396.0


6/6/2024 11:7:216 RecordLink_70_I@LCMFreq: clearing measurements...

6/6/2024 11:7:216 - P2 Samples without discarded measurements:234.0, 16309.0, 16309.0, 16309.0, 234.0, 234.0


6/6/2024 11:7:216 RecordLink_70_I@LCMFreqexporting report...

6/6/2024 11:7:216 RecordLink_70_I@NegFIN: loading...

6/6/2024 11:7:216 RecordLink_70_I@NegFIN: analicing...

6/6/2024 11:7:216 RecordLink_70_I@NegFIN: clearing outliers...

6/6/2024 11:7:216 - P1 Samples dirty:240.0, 16672.0, 16672.0, 16672.0, 240.0, 240.0


6/6/2024 11:7:216 - P1 Samples without outliers:240.0, 14427.0, 14427.0, 14427.0, 240.0, 240.0


6/6/2024 11:7:216 RecordLink_70_I@NegFIN: clearing measurements...

6/6/2024 11:7:216 - P2 Samples without discarded measurements:208.0, 12513.0, 12513.0, 12513.0, 208.0, 208.0


6/6/2024 11:7:216 RecordLink_70_I@NegFINexporting report...

6/6/2024 11:7:216 RecordLink_70_I@PrePost: loading...

6/6/2024 11:7:216 RecordLink_70_I@PrePost: analicing...

6/6/2024 11:7:216 RecordLink_70_I@PrePost: clearing outliers...

6/6/2024 11:7:216 - P1 Samples dirty:240.0, 16583.0, 16583.0, 16583.0, 240.0, 240.0


6/6/2024 11:7:216 - P1 Samples without outliers:239.0, 14260.0, 14260.0, 14260.0, 239.0, 239.0


6/6/2024 11:7:216 RecordLink_70_I@PrePost: clearing measurements...

6/6/2024 11:7:216 - P2 Samples without discarded measurements:224.0, 13380.0, 13380.0, 13380.0, 224.0, 224.0


6/6/2024 11:7:216 RecordLink_70_I@PrePostexporting report...

6/6/2024 11:7:216 RecordLink_70_I@PrePost+: loading...

6/6/2024 11:7:216 RecordLink_70_I@PrePost+: analicing...

6/6/2024 11:7:216 RecordLink_70_I@PrePost+: clearing outliers...

6/6/2024 11:7:216 - P1 Samples dirty:240.0, 16600.0, 16600.0, 16600.0, 240.0, 240.0


6/6/2024 11:7:216 - P1 Samples without outliers:240.0, 14353.0, 14353.0, 14353.0, 240.0, 240.0


6/6/2024 11:7:216 RecordLink_70_I@PrePost+: clearing measurements...

6/6/2024 11:7:216 - P2 Samples without discarded measurements:184.0, 11003.0, 11003.0, 11003.0, 184.0, 184.0


6/6/2024 11:7:216 RecordLink_70_I@PrePost+exporting report...

6/6/2024 11:7:216 RecordLink_70_I@Relim: loading...

6/6/2024 11:7:216 RecordLink_70_I@Relim: analicing...

6/6/2024 11:7:216 RecordLink_70_I@Relim: clearing outliers...

6/6/2024 11:7:216 - P1 Samples dirty:378.0, 27738.0, 27738.0, 27738.0, 378.0, 378.0


6/6/2024 11:7:216 - P1 Samples without outliers:378.0, 25505.0, 25505.0, 25505.0, 378.0, 378.0


6/6/2024 11:7:216 RecordLink_70_I@Relim: clearing measurements...

6/6/2024 11:7:216 - P2 Samples without discarded measurements:341.0, 22973.0, 22973.0, 22973.0, 341.0, 341.0


6/6/2024 11:7:216 RecordLink_70_I@Relimexporting report...

6/6/2024 11:7:216 exporting global report...

6/6/2024 11:7:216 compressing...

